Removed Pin From Net: NetName=VIN Pin=J1-1
Removed Pin From Net: NetName=GND Pin=J1-2
Removed Pin From Net: NetName=RESET Pin=J1-3
Removed Pin From Net: NetName=5V Pin=J1-4
Removed Pin From Net: NetName=A7 Pin=J1-5
Removed Pin From Net: NetName=A6 Pin=J1-6
Removed Pin From Net: NetName=A5 Pin=J1-7
Removed Pin From Net: NetName=A4 Pin=J1-8
Removed Pin From Net: NetName=A3 Pin=J1-9
Removed Pin From Net: NetName=A2 Pin=J1-10
Removed Pin From Net: NetName=A1 Pin=J1-11
Removed Pin From Net: NetName=A0 Pin=J1-12
Removed Pin From Net: NetName=AREF Pin=J1-13
Removed Pin From Net: NetName=3V3 Pin=J1-14
Removed Pin From Net: NetName=D13/SCK Pin=J1-15
Removed Pin From Net: NetName=D1/TX Pin=J2-1
Removed Pin From Net: NetName=D0/RX Pin=J2-2
Removed Pin From Net: NetName=RESET Pin=J2-3
Removed Pin From Net: NetName=GND Pin=J2-4
Removed Pin From Net: NetName=D2 Pin=J2-5
Removed Pin From Net: NetName=D3 Pin=J2-6
Removed Pin From Net: NetName=D4 Pin=J2-7
Removed Pin From Net: NetName=D5 Pin=J2-8
Removed Pin From Net: NetName=D6 Pin=J2-9
Removed Pin From Net: NetName=D7 Pin=J2-10
Removed Pin From Net: NetName=D8 Pin=J2-11
Removed Pin From Net: NetName=D9 Pin=J2-12
Removed Pin From Net: NetName=D10 Pin=J2-13
Removed Pin From Net: NetName=D11/MOSI Pin=J2-14
Removed Pin From Net: NetName=D12/MISO Pin=J2-15
Added Component: Designator=J1(pin header)
Added Component: Designator=J2(pin header)
Added Pin To Net: NetName=VIN Pin=J1-1
Added Pin To Net: NetName=GND Pin=J1-2
Added Pin To Net: NetName=RESET Pin=J1-3
Added Pin To Net: NetName=5V Pin=J1-4
Added Pin To Net: NetName=A7 Pin=J1-5
Added Pin To Net: NetName=A6 Pin=J1-6
Added Pin To Net: NetName=A5 Pin=J1-7
Added Pin To Net: NetName=A4 Pin=J1-8
Added Pin To Net: NetName=A3 Pin=J1-9
Added Pin To Net: NetName=A2 Pin=J1-10
Added Pin To Net: NetName=A1 Pin=J1-11
Added Pin To Net: NetName=A0 Pin=J1-12
Added Pin To Net: NetName=AREF Pin=J1-13
Added Pin To Net: NetName=3V3 Pin=J1-14
Added Pin To Net: NetName=D13/SCK Pin=J1-15
Added Pin To Net: NetName=D1/TX Pin=J2-1
Added Pin To Net: NetName=D0/RX Pin=J2-2
Added Pin To Net: NetName=RESET Pin=J2-3
Added Pin To Net: NetName=GND Pin=J2-4
Added Pin To Net: NetName=D2 Pin=J2-5
Added Pin To Net: NetName=D3 Pin=J2-6
Added Pin To Net: NetName=D4 Pin=J2-7
Added Pin To Net: NetName=D5 Pin=J2-8
Added Pin To Net: NetName=D6 Pin=J2-9
Added Pin To Net: NetName=D7 Pin=J2-10
Added Pin To Net: NetName=D8 Pin=J2-11
Added Pin To Net: NetName=D9 Pin=J2-12
Added Pin To Net: NetName=D10 Pin=J2-13
Added Pin To Net: NetName=D11/MOSI Pin=J2-14
Added Pin To Net: NetName=D12/MISO Pin=J2-15
