Change Component Comment : Designator=C4 Old Comment=capacitor New Comment=0,1uF
Change Component Comment : Designator=C1 Old Comment=capacitor New Comment=0.1uF
Change Component Comment : Designator=C2 Old Comment=capacitor New Comment=0.1uF
Change Component Comment : Designator=C5 Old Comment=capacitor New Comment=0.1uF
Change Component Comment : Designator=C9 Old Comment=capacitor New Comment=0.1uF
Change Component Comment : Designator=C7 Old Comment=capacitor New Comment=22pF
Change Component Comment : Designator=C8 Old Comment=capacitor New Comment=22pF
Change Component Comment : Designator=Y1 Old Comment=crystal_dub New Comment=16MHz
Change Component Comment : Designator=C3 Old Comment=polarized capcitor New Comment=4.7uF
Change Component Comment : Designator=C6 Old Comment=polarized capcitor New Comment=4.7uF
Change Component Comment : Designator=R3 Old Comment=resistor New Comment=1K
Change Component Comment : Designator=R4 Old Comment=resistor New Comment=1K
Change Component Comment : Designator=R7 Old Comment=resistor New Comment=1K
Change Component Comment : Designator=R1 Old Comment=resistor New Comment=330
Change Component Comment : Designator=R2 Old Comment=resistor New Comment=330
Change Component Comment : Designator=R5 Old Comment=resistor New Comment=330
Change Component Comment : Designator=R6 Old Comment=resistor New Comment=330
Added Pin To Net: NetName=GND Pin=C5-2
Added Pin To Net: NetName=GND Pin=C6-2
Added Pin To Net: NetName=GND Pin=D1-2
Added Pin To Net: NetName=GND Pin=D2-2
Added Pin To Net: NetName=GND Pin=D5-1
Added Pin To Net: NetName=GND Pin=J1-4
Added Pin To Net: NetName=GND Pin=J4-4
Added Pin To Net: NetName=GND Pin=R5-1
Added Pin To Net: NetName=GND Pin=R7-1
Added Pin To Net: NetName=GND Pin=U1-4
Added Pin To Net: NetName=GND Pin=U1-20
Added Pin To Net: NetName=GND Pin=U2-4
Added Pin To Net: NetName=GND Pin=U2-6
Added Pin To Net: NetName=GND Pin=U2-18
Added Pin To Net: NetName=GND Pin=U3-3
