Added Component: Designator=U2(ATMEGEA328)
Added Pin To Net: NetName=D3 Pin=U2-1
Added Pin To Net: NetName=D4 Pin=U2-2
Added Pin To Net: NetName=GND Pin=U2-3
Added Pin To Net: NetName=5V Pin=U2-4
Added Pin To Net: NetName=GND Pin=U2-5
Added Pin To Net: NetName=5V Pin=U2-6
Added Pin To Net: NetName=NetC7_2 Pin=U2-7
Added Pin To Net: NetName=NetC8_2 Pin=U2-8
Added Pin To Net: NetName=D5 Pin=U2-9
Added Pin To Net: NetName=D6 Pin=U2-10
Added Pin To Net: NetName=D7 Pin=U2-11
Added Pin To Net: NetName=D8 Pin=U2-12
Added Pin To Net: NetName=D9 Pin=U2-13
Added Pin To Net: NetName=D10 Pin=U2-14
Added Pin To Net: NetName=D11/MOSI Pin=U2-15
Added Pin To Net: NetName=D12/MISO Pin=U2-16
Added Pin To Net: NetName=D13/SCK Pin=U2-17
Added Pin To Net: NetName=5V Pin=U2-18
Added Pin To Net: NetName=A6 Pin=U2-19
Added Pin To Net: NetName=AREF Pin=U2-20
Added Pin To Net: NetName=GND Pin=U2-21
Added Pin To Net: NetName=A7 Pin=U2-22
Added Pin To Net: NetName=A0 Pin=U2-23
Added Pin To Net: NetName=A1 Pin=U2-24
Added Pin To Net: NetName=A2 Pin=U2-25
Added Pin To Net: NetName=A3 Pin=U2-26
Added Pin To Net: NetName=A4 Pin=U2-27
Added Pin To Net: NetName=A5 Pin=U2-28
Added Pin To Net: NetName=RESET Pin=U2-29
Added Pin To Net: NetName=D0/RX Pin=U2-30
Added Pin To Net: NetName=D1/TX Pin=U2-31
Added Pin To Net: NetName=D2 Pin=U2-32
Added Member To Class: ClassName=Sheet1 Member=Component U2 ATMEGA328
