Added Net: Name=3V3
Added Net: Name=5V
Added Net: Name=A0
Added Net: Name=A1
Added Net: Name=A2
Added Net: Name=A3
Added Net: Name=A4
Added Net: Name=A5
Added Net: Name=A6
Added Net: Name=A7
Added Net: Name=AREF
Added Net: Name=D0/RX
Added Net: Name=D1/TX
Added Net: Name=D2
Added Net: Name=D3
Added Net: Name=D4
Added Net: Name=D5
Added Net: Name=D6
Added Net: Name=D7
Added Net: Name=D8
Added Net: Name=D9
Added Net: Name=D10
Added Net: Name=D11/MOSI
Added Net: Name=D12/MISO
Added Net: Name=D13/SCK
Added Net: Name=GND
Added Net: Name=NetD2_2
Added Net: Name=RESET
Added Net: Name=VIN
Added Net: Name=VUSB
Added Class: Name=Sheet1
Added Rule: Name=Schematic Supply Nets
Added Rule: Name=Schematic Supply Nets_1
Added Rule: Name=Schematic Supply Nets_2
Added Rule: Name=Schematic Supply Nets_3
